<?xml version="1.0" encoding="UTF-8"?>
<testng-results ignored="0" total="1" passed="1" failed="0" skipped="0">
  <reporter-output>
  </reporter-output>
  <suite started-at="2022-09-17T15:59:19 IST" name="Default suite" finished-at="2022-09-17T15:59:48 IST" duration-ms="29463">
    <groups>
    </groups>
    <test started-at="2022-09-17T15:59:19 IST" name="Default test" finished-at="2022-09-17T15:59:48 IST" duration-ms="29463">
      <class name="TestCaseDetails.RegisterPageTestCase">
        <test-method signature="RegisterPage()[pri:0, instance:TestCaseDetails.RegisterPageTestCase@1ab3a8c8]" started-at="2022-09-17T15:59:19 IST" name="RegisterPage" finished-at="2022-09-17T15:59:48 IST" duration-ms="29427" status="PASS">
          <reporter-output>
          </reporter-output>
        </test-method> <!-- RegisterPage -->
      </class> <!-- TestCaseDetails.RegisterPageTestCase -->
    </test> <!-- Default test -->
  </suite> <!-- Default suite -->
</testng-results>
